Cleaning up Containers...
Containers Cleared!

Assembling Planet Express team...

df2cc712e90ca45eaa5dc71feb601314b789b7cab5986f4bd03caa8a8b3b3d10
sha256:7fb977458cb5e9f655b6e85106af7cc2d867ccc2d03723d61954d62d50ea292d
sha256:5f76f2a4267e559cd825a15e531b13e16ad558a0c5b5129e09f4c0ad80e6e168
sha256:45025bc58a308f8aab7be4a261b72022af98bda06bdac270b283256fc3bf771b
sha256:9fe2e6bf42deb1879d72311eca2bca3904a243198e4561410424aedd3835bff8
ac9f39fe80a7c27cd6bd27852fed6258a98dab2e7438f6f3056563c7ceb5c7fc
67ebceaad5abcac6ad4d94aa201eb3c7360bd6cd911741439ad5407e74fba0dc
edd5b186703659e11ec39a45886446ea41ae23c3c18d1b6d634d88cf49fe1813
f03df1f2e9944339c2ea2aeabdf5733e53dbee36dd06f7772766ee208aa3ecfe
c7b91afeeb19e8229eadef6df12b719ca416e235c96ab092d5d1344fb10bc7a9
Reading package lists...
Building dependency tree...
Reading state information...
sshpass is already the newest version (1.09-1).
0 upgraded, 0 newly installed, 0 to remove and 0 not upgraded.
.ansible.cfg Updated (/home/student/.ansible.cfg)

Inventory File Updated (/home/student/mycode/inv/dev/hosts)

Nethosts Inventory File Updated (/home/student/mycode/inv/dev/nethosts)


PLAY [Copy Public Keys] ********************************************************

TASK [Set authorized key taken from file] **************************************
changed: [bender]
changed: [zoidberg]
changed: [fry]
changed: [indy]

PLAY [Put dns and ssh in correct state] ****************************************

TASK [Gathering Facts] *********************************************************
ok: [localhost]

TASK [update etc hosts] ********************************************************
ok: [localhost]

TASK [update student ssh config] ***********************************************
ok: [localhost]

PLAY RECAP *********************************************************************
bender                     : ok=1    changed=1    unreachable=0    failed=0    skipped=0    rescued=0    ignored=0   
fry                        : ok=1    changed=1    unreachable=0    failed=0    skipped=0    rescued=0    ignored=0   
indy                       : ok=1    changed=1    unreachable=0    failed=0    skipped=0    rescued=0    ignored=0   
localhost                  : ok=3    changed=0    unreachable=0    failed=0    skipped=0    rescued=0    ignored=0   
zoidberg                   : ok=1    changed=1    unreachable=0    failed=0    skipped=0    rescued=0    ignored=0   

[planetexpress]
bender      ansible_host=10.10.2.3 ansible_user=bender ansible_python_interpreter=/usr/bin/python3 fileuser=bender
fry         ansible_host=10.10.2.4 ansible_user=fry ansible_python_interpreter=/usr/bin/python3 fileuser=fry
zoidberg    ansible_host=10.10.2.5 ansible_user=zoidberg ansible_python_interpreter=/usr/bin/python3 fileuser=zoidberg
farnsworth  ansible_host=10.10.2.6 ansible_user=farnsworth ansible_ssh_pass=alta3 fileuser=farnsworth

[research]
h1    ansible_host=10.10.2.5 ansible_user=zoidberg ansible_python_interpreter=/usr/bin/python3
h2    ansible_host=10.10.2.4 ansible_user=fry      ansible_python_interpreter=/usr/bin/python3

[raiders]
indy      ansible_host=10.10.2.2 ansible_user=indy ansible_ssh_pass=alta3

[professors]
farnsworth  ansible_host=10.10.2.6 ansible_user=farnsworth

[web]
bender      ansible_host=10.10.2.3 ansible_user=bender ansible_python_interpreter=/usr/bin/python3
fry         ansible_host=10.10.2.4 ansible_user=fry ansible_python_interpreter=/usr/bin/python3

[switches]
sw-1
sw-2

[eosswitches]
sw-1
sw-2

[eosswitches:vars]
ansible_network_os=eos